[2023-01-01 03:53:32,293] {manager.py:514} INFO - Processing files using up to 2 processes at a time 
[2023-01-01 03:53:32,308] {manager.py:515} INFO - Process each file at most once every 30 seconds
[2023-01-01 03:53:32,312] {manager.py:517} INFO - Checking for new files in /opt/airflow/dags every 300 seconds
[2023-01-01 03:53:32,319] {manager.py:663} INFO - Searching for files in /opt/airflow/dags
[2023-01-01 03:53:32,332] {manager.py:666} INFO - There are 0 files in /opt/airflow/dags
[2023-01-01 03:53:32,699] {manager.py:1065} INFO - Finding 'running' jobs without a recent heartbeat
[2023-01-01 03:53:32,706] {manager.py:1069} INFO - Failing jobs without heartbeat after 2023-01-01 03:48:32.704991+00:00
[2023-01-01 03:53:43,189] {manager.py:1065} INFO - Finding 'running' jobs without a recent heartbeat
[2023-01-01 03:53:43,194] {manager.py:1069} INFO - Failing jobs without heartbeat after 2023-01-01 03:48:43.194037+00:00
[2023-01-01 03:53:53,353] {manager.py:1065} INFO - Finding 'running' jobs without a recent heartbeat
[2023-01-01 03:53:53,357] {manager.py:1069} INFO - Failing jobs without heartbeat after 2023-01-01 03:48:53.357016+00:00
[2023-01-01 03:54:03,496] {manager.py:1065} INFO - Finding 'running' jobs without a recent heartbeat
[2023-01-01 03:54:03,499] {manager.py:1069} INFO - Failing jobs without heartbeat after 2023-01-01 03:49:03.498961+00:00
[2023-01-01 03:54:13,644] {manager.py:1065} INFO - Finding 'running' jobs without a recent heartbeat
[2023-01-01 03:54:13,646] {manager.py:1069} INFO - Failing jobs without heartbeat after 2023-01-01 03:49:13.646761+00:00
[2023-01-01 03:54:23,822] {manager.py:1065} INFO - Finding 'running' jobs without a recent heartbeat
[2023-01-01 03:54:23,826] {manager.py:1069} INFO - Failing jobs without heartbeat after 2023-01-01 03:49:23.826422+00:00
[2023-01-01 03:54:33,954] {manager.py:1065} INFO - Finding 'running' jobs without a recent heartbeat
[2023-01-01 03:54:33,958] {manager.py:1069} INFO - Failing jobs without heartbeat after 2023-01-01 03:49:33.958021+00:00
[2023-01-01 03:54:44,088] {manager.py:1065} INFO - Finding 'running' jobs without a recent heartbeat
[2023-01-01 03:54:44,091] {manager.py:1069} INFO - Failing jobs without heartbeat after 2023-01-01 03:49:44.091700+00:00
[2023-01-01 03:54:54,193] {manager.py:1065} INFO - Finding 'running' jobs without a recent heartbeat
[2023-01-01 03:54:54,195] {manager.py:1069} INFO - Failing jobs without heartbeat after 2023-01-01 03:49:54.195127+00:00
[2023-01-01 03:55:04,269] {manager.py:1065} INFO - Finding 'running' jobs without a recent heartbeat
[2023-01-01 03:55:04,287] {manager.py:1069} INFO - Failing jobs without heartbeat after 2023-01-01 03:50:04.286689+00:00
[2023-01-01 03:55:14,387] {manager.py:1065} INFO - Finding 'running' jobs without a recent heartbeat
[2023-01-01 03:55:14,391] {manager.py:1069} INFO - Failing jobs without heartbeat after 2023-01-01 03:50:14.390873+00:00
[2023-01-01 03:55:24,472] {manager.py:1065} INFO - Finding 'running' jobs without a recent heartbeat
[2023-01-01 03:55:24,489] {manager.py:1069} INFO - Failing jobs without heartbeat after 2023-01-01 03:50:24.489444+00:00
[2023-01-01 03:55:34,633] {manager.py:1065} INFO - Finding 'running' jobs without a recent heartbeat
[2023-01-01 03:55:34,635] {manager.py:1069} INFO - Failing jobs without heartbeat after 2023-01-01 03:50:34.635687+00:00
[2023-01-01 03:55:44,713] {manager.py:1065} INFO - Finding 'running' jobs without a recent heartbeat
[2023-01-01 03:55:44,715] {manager.py:1069} INFO - Failing jobs without heartbeat after 2023-01-01 03:50:44.715669+00:00
[2023-01-01 03:55:54,794] {manager.py:1065} INFO - Finding 'running' jobs without a recent heartbeat
[2023-01-01 03:55:54,798] {manager.py:1069} INFO - Failing jobs without heartbeat after 2023-01-01 03:50:54.798338+00:00
[2023-01-01 03:56:04,896] {manager.py:1065} INFO - Finding 'running' jobs without a recent heartbeat
[2023-01-01 03:56:04,898] {manager.py:1069} INFO - Failing jobs without heartbeat after 2023-01-01 03:51:04.897978+00:00
[2023-01-01 03:56:14,981] {manager.py:1065} INFO - Finding 'running' jobs without a recent heartbeat
[2023-01-01 03:56:14,989] {manager.py:1069} INFO - Failing jobs without heartbeat after 2023-01-01 03:51:14.989016+00:00
[2023-01-01 03:56:25,141] {manager.py:1065} INFO - Finding 'running' jobs without a recent heartbeat
[2023-01-01 03:56:25,144] {manager.py:1069} INFO - Failing jobs without heartbeat after 2023-01-01 03:51:25.143891+00:00
[2023-01-01 03:56:35,220] {manager.py:1065} INFO - Finding 'running' jobs without a recent heartbeat
[2023-01-01 03:56:35,223] {manager.py:1069} INFO - Failing jobs without heartbeat after 2023-01-01 03:51:35.223114+00:00
[2023-01-01 03:56:45,348] {manager.py:1065} INFO - Finding 'running' jobs without a recent heartbeat
[2023-01-01 03:56:45,350] {manager.py:1069} INFO - Failing jobs without heartbeat after 2023-01-01 03:51:45.350583+00:00
[2023-01-01 03:56:55,419] {manager.py:1065} INFO - Finding 'running' jobs without a recent heartbeat
[2023-01-01 03:56:55,421] {manager.py:1069} INFO - Failing jobs without heartbeat after 2023-01-01 03:51:55.421703+00:00
[2023-01-01 03:57:05,524] {manager.py:1065} INFO - Finding 'running' jobs without a recent heartbeat
[2023-01-01 03:57:05,527] {manager.py:1069} INFO - Failing jobs without heartbeat after 2023-01-01 03:52:05.527162+00:00
[2023-01-01 03:57:15,598] {manager.py:1065} INFO - Finding 'running' jobs without a recent heartbeat
[2023-01-01 03:57:15,601] {manager.py:1069} INFO - Failing jobs without heartbeat after 2023-01-01 03:52:15.600901+00:00
[2023-01-01 03:57:25,751] {manager.py:1065} INFO - Finding 'running' jobs without a recent heartbeat
[2023-01-01 03:57:25,754] {manager.py:1069} INFO - Failing jobs without heartbeat after 2023-01-01 03:52:25.754653+00:00
[2023-01-01 03:57:35,863] {manager.py:1065} INFO - Finding 'running' jobs without a recent heartbeat
[2023-01-01 03:57:35,866] {manager.py:1069} INFO - Failing jobs without heartbeat after 2023-01-01 03:52:35.866444+00:00
[2023-01-01 03:57:45,982] {manager.py:1065} INFO - Finding 'running' jobs without a recent heartbeat
[2023-01-01 03:57:45,997] {manager.py:1069} INFO - Failing jobs without heartbeat after 2023-01-01 03:52:45.996420+00:00
[2023-01-01 03:57:56,102] {manager.py:1065} INFO - Finding 'running' jobs without a recent heartbeat
[2023-01-01 03:57:56,106] {manager.py:1069} INFO - Failing jobs without heartbeat after 2023-01-01 03:52:56.106208+00:00
[2023-01-01 03:58:06,286] {manager.py:1065} INFO - Finding 'running' jobs without a recent heartbeat
[2023-01-01 03:58:06,304] {manager.py:1069} INFO - Failing jobs without heartbeat after 2023-01-01 03:53:06.303434+00:00
[2023-01-01 03:58:16,430] {manager.py:1065} INFO - Finding 'running' jobs without a recent heartbeat
[2023-01-01 03:58:16,432] {manager.py:1069} INFO - Failing jobs without heartbeat after 2023-01-01 03:53:16.432835+00:00
[2023-01-01 03:58:26,512] {manager.py:1065} INFO - Finding 'running' jobs without a recent heartbeat
[2023-01-01 03:58:26,525] {manager.py:1069} INFO - Failing jobs without heartbeat after 2023-01-01 03:53:26.524476+00:00
[2023-01-01 03:58:32,610] {manager.py:663} INFO - Searching for files in /opt/airflow/dags
[2023-01-01 03:58:32,614] {manager.py:666} INFO - There are 0 files in /opt/airflow/dags
[2023-01-01 03:58:36,651] {manager.py:1065} INFO - Finding 'running' jobs without a recent heartbeat
[2023-01-01 03:58:36,653] {manager.py:1069} INFO - Failing jobs without heartbeat after 2023-01-01 03:53:36.653519+00:00
[2023-01-01 03:58:46,730] {manager.py:1065} INFO - Finding 'running' jobs without a recent heartbeat
[2023-01-01 03:58:46,733] {manager.py:1069} INFO - Failing jobs without heartbeat after 2023-01-01 03:53:46.733210+00:00
[2023-01-01 03:58:56,815] {manager.py:1065} INFO - Finding 'running' jobs without a recent heartbeat
[2023-01-01 03:58:56,818] {manager.py:1069} INFO - Failing jobs without heartbeat after 2023-01-01 03:53:56.818027+00:00
[2023-01-01 03:59:06,909] {manager.py:1065} INFO - Finding 'running' jobs without a recent heartbeat
[2023-01-01 03:59:06,920] {manager.py:1069} INFO - Failing jobs without heartbeat after 2023-01-01 03:54:06.919900+00:00
[2023-01-01 03:59:17,025] {manager.py:1065} INFO - Finding 'running' jobs without a recent heartbeat
[2023-01-01 03:59:17,027] {manager.py:1069} INFO - Failing jobs without heartbeat after 2023-01-01 03:54:17.027571+00:00
[2023-01-01 03:59:27,126] {manager.py:1065} INFO - Finding 'running' jobs without a recent heartbeat
[2023-01-01 03:59:27,137] {manager.py:1069} INFO - Failing jobs without heartbeat after 2023-01-01 03:54:27.136537+00:00
[2023-01-01 03:59:37,245] {manager.py:1065} INFO - Finding 'running' jobs without a recent heartbeat
[2023-01-01 03:59:37,248] {manager.py:1069} INFO - Failing jobs without heartbeat after 2023-01-01 03:54:37.248079+00:00
[2023-01-01 03:59:47,330] {manager.py:1065} INFO - Finding 'running' jobs without a recent heartbeat
[2023-01-01 03:59:47,335] {manager.py:1069} INFO - Failing jobs without heartbeat after 2023-01-01 03:54:47.334962+00:00
[2023-01-01 03:59:57,423] {manager.py:1065} INFO - Finding 'running' jobs without a recent heartbeat
[2023-01-01 03:59:57,428] {manager.py:1069} INFO - Failing jobs without heartbeat after 2023-01-01 03:54:57.428564+00:00
[2023-01-01 04:00:07,546] {manager.py:1065} INFO - Finding 'running' jobs without a recent heartbeat
[2023-01-01 04:00:07,558] {manager.py:1069} INFO - Failing jobs without heartbeat after 2023-01-01 03:55:07.557543+00:00
[2023-01-01 04:00:17,661] {manager.py:1065} INFO - Finding 'running' jobs without a recent heartbeat
[2023-01-01 04:00:17,664] {manager.py:1069} INFO - Failing jobs without heartbeat after 2023-01-01 03:55:17.664227+00:00
[2023-01-01 04:00:27,769] {manager.py:1065} INFO - Finding 'running' jobs without a recent heartbeat
[2023-01-01 04:00:27,772] {manager.py:1069} INFO - Failing jobs without heartbeat after 2023-01-01 03:55:27.772145+00:00
[2023-01-01 04:00:37,847] {manager.py:1065} INFO - Finding 'running' jobs without a recent heartbeat
[2023-01-01 04:00:37,850] {manager.py:1069} INFO - Failing jobs without heartbeat after 2023-01-01 03:55:37.849933+00:00
[2023-01-01 04:00:47,946] {manager.py:1065} INFO - Finding 'running' jobs without a recent heartbeat
[2023-01-01 04:00:47,948] {manager.py:1069} INFO - Failing jobs without heartbeat after 2023-01-01 03:55:47.948638+00:00
[2023-01-01 04:00:58,036] {manager.py:1065} INFO - Finding 'running' jobs without a recent heartbeat
[2023-01-01 04:00:58,038] {manager.py:1069} INFO - Failing jobs without heartbeat after 2023-01-01 03:55:58.038600+00:00
[2023-01-01 04:01:08,151] {manager.py:1065} INFO - Finding 'running' jobs without a recent heartbeat
[2023-01-01 04:01:08,162] {manager.py:1069} INFO - Failing jobs without heartbeat after 2023-01-01 03:56:08.161472+00:00
[2023-01-01 04:01:18,258] {manager.py:1065} INFO - Finding 'running' jobs without a recent heartbeat
[2023-01-01 04:01:18,260] {manager.py:1069} INFO - Failing jobs without heartbeat after 2023-01-01 03:56:18.260755+00:00
[2023-01-01 04:01:28,390] {manager.py:1065} INFO - Finding 'running' jobs without a recent heartbeat
[2023-01-01 04:01:28,401] {manager.py:1069} INFO - Failing jobs without heartbeat after 2023-01-01 03:56:28.400804+00:00
[2023-01-01 04:01:38,495] {manager.py:1065} INFO - Finding 'running' jobs without a recent heartbeat
[2023-01-01 04:01:38,497] {manager.py:1069} INFO - Failing jobs without heartbeat after 2023-01-01 03:56:38.497278+00:00
[2023-01-01 04:01:48,586] {manager.py:1065} INFO - Finding 'running' jobs without a recent heartbeat
[2023-01-01 04:01:48,589] {manager.py:1069} INFO - Failing jobs without heartbeat after 2023-01-01 03:56:48.589288+00:00
[2023-01-01 04:01:58,667] {manager.py:1065} INFO - Finding 'running' jobs without a recent heartbeat
[2023-01-01 04:01:58,670] {manager.py:1069} INFO - Failing jobs without heartbeat after 2023-01-01 03:56:58.669857+00:00
[2023-01-01 04:02:08,775] {manager.py:1065} INFO - Finding 'running' jobs without a recent heartbeat
[2023-01-01 04:02:08,785] {manager.py:1069} INFO - Failing jobs without heartbeat after 2023-01-01 03:57:08.785538+00:00
[2023-01-01 04:02:18,903] {manager.py:1065} INFO - Finding 'running' jobs without a recent heartbeat
[2023-01-01 04:02:18,906] {manager.py:1069} INFO - Failing jobs without heartbeat after 2023-01-01 03:57:18.906604+00:00
[2023-01-01 04:02:29,037] {manager.py:1065} INFO - Finding 'running' jobs without a recent heartbeat
[2023-01-01 04:02:29,050] {manager.py:1069} INFO - Failing jobs without heartbeat after 2023-01-01 03:57:29.049418+00:00
[2023-01-01 04:02:39,151] {manager.py:1065} INFO - Finding 'running' jobs without a recent heartbeat
[2023-01-01 04:02:39,153] {manager.py:1069} INFO - Failing jobs without heartbeat after 2023-01-01 03:57:39.152924+00:00
[2023-01-01 04:02:49,271] {manager.py:1065} INFO - Finding 'running' jobs without a recent heartbeat
[2023-01-01 04:02:49,273] {manager.py:1069} INFO - Failing jobs without heartbeat after 2023-01-01 03:57:49.273642+00:00
[2023-01-01 04:02:59,340] {manager.py:1065} INFO - Finding 'running' jobs without a recent heartbeat
[2023-01-01 04:02:59,342] {manager.py:1069} INFO - Failing jobs without heartbeat after 2023-01-01 03:57:59.342252+00:00
[2023-01-01 04:03:09,451] {manager.py:1065} INFO - Finding 'running' jobs without a recent heartbeat
[2023-01-01 04:03:09,454] {manager.py:1069} INFO - Failing jobs without heartbeat after 2023-01-01 03:58:09.454427+00:00
[2023-01-01 04:03:19,530] {manager.py:1065} INFO - Finding 'running' jobs without a recent heartbeat
[2023-01-01 04:03:19,532] {manager.py:1069} INFO - Failing jobs without heartbeat after 2023-01-01 03:58:19.532272+00:00
[2023-01-01 04:03:29,628] {manager.py:1065} INFO - Finding 'running' jobs without a recent heartbeat
[2023-01-01 04:03:29,631] {manager.py:1069} INFO - Failing jobs without heartbeat after 2023-01-01 03:58:29.630954+00:00
[2023-01-01 04:03:32,678] {manager.py:663} INFO - Searching for files in /opt/airflow/dags
[2023-01-01 04:03:32,682] {manager.py:666} INFO - There are 0 files in /opt/airflow/dags
[2023-01-01 04:03:39,751] {manager.py:1065} INFO - Finding 'running' jobs without a recent heartbeat
[2023-01-01 04:03:39,757] {manager.py:1069} INFO - Failing jobs without heartbeat after 2023-01-01 03:58:39.757179+00:00
[2023-01-01 04:03:49,921] {manager.py:1065} INFO - Finding 'running' jobs without a recent heartbeat
[2023-01-01 04:03:49,927] {manager.py:1069} INFO - Failing jobs without heartbeat after 2023-01-01 03:58:49.926994+00:00
[2023-01-01 04:04:00,015] {manager.py:1065} INFO - Finding 'running' jobs without a recent heartbeat
[2023-01-01 04:04:00,017] {manager.py:1069} INFO - Failing jobs without heartbeat after 2023-01-01 03:59:00.017646+00:00
[2023-01-01 04:04:10,145] {manager.py:1065} INFO - Finding 'running' jobs without a recent heartbeat
[2023-01-01 04:04:10,148] {manager.py:1069} INFO - Failing jobs without heartbeat after 2023-01-01 03:59:10.147997+00:00
[2023-01-01 04:04:20,215] {manager.py:1065} INFO - Finding 'running' jobs without a recent heartbeat
[2023-01-01 04:04:20,217] {manager.py:1069} INFO - Failing jobs without heartbeat after 2023-01-01 03:59:20.217188+00:00
[2023-01-01 04:04:30,373] {manager.py:1065} INFO - Finding 'running' jobs without a recent heartbeat
[2023-01-01 04:04:30,375] {manager.py:1069} INFO - Failing jobs without heartbeat after 2023-01-01 03:59:30.374992+00:00
[2023-01-01 04:04:40,474] {manager.py:1065} INFO - Finding 'running' jobs without a recent heartbeat
[2023-01-01 04:04:40,477] {manager.py:1069} INFO - Failing jobs without heartbeat after 2023-01-01 03:59:40.477000+00:00
[2023-01-01 04:04:50,578] {manager.py:1065} INFO - Finding 'running' jobs without a recent heartbeat
[2023-01-01 04:04:50,581] {manager.py:1069} INFO - Failing jobs without heartbeat after 2023-01-01 03:59:50.581300+00:00
[2023-01-01 04:05:00,755] {manager.py:1065} INFO - Finding 'running' jobs without a recent heartbeat
[2023-01-01 04:05:00,757] {manager.py:1069} INFO - Failing jobs without heartbeat after 2023-01-01 04:00:00.757501+00:00
[2023-01-01 04:05:10,857] {manager.py:1065} INFO - Finding 'running' jobs without a recent heartbeat
[2023-01-01 04:05:10,859] {manager.py:1069} INFO - Failing jobs without heartbeat after 2023-01-01 04:00:10.859720+00:00
[2023-01-01 04:05:21,029] {manager.py:1065} INFO - Finding 'running' jobs without a recent heartbeat
[2023-01-01 04:05:21,031] {manager.py:1069} INFO - Failing jobs without heartbeat after 2023-01-01 04:00:21.031237+00:00
[2023-01-01 04:05:31,143] {manager.py:1065} INFO - Finding 'running' jobs without a recent heartbeat
[2023-01-01 04:05:31,146] {manager.py:1069} INFO - Failing jobs without heartbeat after 2023-01-01 04:00:31.145992+00:00
[2023-01-01 04:05:41,215] {manager.py:1065} INFO - Finding 'running' jobs without a recent heartbeat
[2023-01-01 04:05:41,218] {manager.py:1069} INFO - Failing jobs without heartbeat after 2023-01-01 04:00:41.217985+00:00
[2023-01-01 04:05:51,340] {manager.py:1065} INFO - Finding 'running' jobs without a recent heartbeat
[2023-01-01 04:05:51,344] {manager.py:1069} INFO - Failing jobs without heartbeat after 2023-01-01 04:00:51.344585+00:00
[2023-01-01 04:06:01,433] {manager.py:1065} INFO - Finding 'running' jobs without a recent heartbeat
[2023-01-01 04:06:01,436] {manager.py:1069} INFO - Failing jobs without heartbeat after 2023-01-01 04:01:01.436350+00:00
[2023-01-01 04:06:11,537] {manager.py:1065} INFO - Finding 'running' jobs without a recent heartbeat
[2023-01-01 04:06:11,540] {manager.py:1069} INFO - Failing jobs without heartbeat after 2023-01-01 04:01:11.539800+00:00
[2023-01-01 04:06:21,614] {manager.py:1065} INFO - Finding 'running' jobs without a recent heartbeat
[2023-01-01 04:06:21,616] {manager.py:1069} INFO - Failing jobs without heartbeat after 2023-01-01 04:01:21.616398+00:00
[2023-01-01 04:06:31,727] {manager.py:1065} INFO - Finding 'running' jobs without a recent heartbeat
[2023-01-01 04:06:31,730] {manager.py:1069} INFO - Failing jobs without heartbeat after 2023-01-01 04:01:31.730261+00:00
[2023-01-01 04:06:41,799] {manager.py:1065} INFO - Finding 'running' jobs without a recent heartbeat
[2023-01-01 04:06:41,802] {manager.py:1069} INFO - Failing jobs without heartbeat after 2023-01-01 04:01:41.802087+00:00
[2023-01-01 04:06:51,934] {manager.py:1065} INFO - Finding 'running' jobs without a recent heartbeat
[2023-01-01 04:06:51,936] {manager.py:1069} INFO - Failing jobs without heartbeat after 2023-01-01 04:01:51.936103+00:00
[2023-01-01 04:07:02,009] {manager.py:1065} INFO - Finding 'running' jobs without a recent heartbeat
[2023-01-01 04:07:02,011] {manager.py:1069} INFO - Failing jobs without heartbeat after 2023-01-01 04:02:02.011712+00:00
[2023-01-01 04:07:12,097] {manager.py:1065} INFO - Finding 'running' jobs without a recent heartbeat
[2023-01-01 04:07:12,099] {manager.py:1069} INFO - Failing jobs without heartbeat after 2023-01-01 04:02:12.099726+00:00
[2023-01-01 04:07:22,203] {manager.py:1065} INFO - Finding 'running' jobs without a recent heartbeat
[2023-01-01 04:07:22,205] {manager.py:1069} INFO - Failing jobs without heartbeat after 2023-01-01 04:02:22.205665+00:00
[2023-01-01 04:07:32,333] {manager.py:1065} INFO - Finding 'running' jobs without a recent heartbeat
[2023-01-01 04:07:32,336] {manager.py:1069} INFO - Failing jobs without heartbeat after 2023-01-01 04:02:32.336020+00:00
[2023-01-01 04:07:42,413] {manager.py:1065} INFO - Finding 'running' jobs without a recent heartbeat
[2023-01-01 04:07:42,415] {manager.py:1069} INFO - Failing jobs without heartbeat after 2023-01-01 04:02:42.415613+00:00
[2023-01-01 04:07:52,518] {manager.py:1065} INFO - Finding 'running' jobs without a recent heartbeat
[2023-01-01 04:07:52,521] {manager.py:1069} INFO - Failing jobs without heartbeat after 2023-01-01 04:02:52.520843+00:00
[2023-01-01 04:08:02,593] {manager.py:1065} INFO - Finding 'running' jobs without a recent heartbeat
[2023-01-01 04:08:02,596] {manager.py:1069} INFO - Failing jobs without heartbeat after 2023-01-01 04:03:02.595877+00:00
[2023-01-01 04:08:12,700] {manager.py:1065} INFO - Finding 'running' jobs without a recent heartbeat
[2023-01-01 04:08:12,702] {manager.py:1069} INFO - Failing jobs without heartbeat after 2023-01-01 04:03:12.702360+00:00
[2023-01-01 04:08:22,805] {manager.py:1065} INFO - Finding 'running' jobs without a recent heartbeat
[2023-01-01 04:08:22,808] {manager.py:1069} INFO - Failing jobs without heartbeat after 2023-01-01 04:03:22.808546+00:00
[2023-01-01 04:08:32,885] {manager.py:663} INFO - Searching for files in /opt/airflow/dags
[2023-01-01 04:08:32,889] {manager.py:666} INFO - There are 0 files in /opt/airflow/dags
[2023-01-01 04:08:32,926] {manager.py:1065} INFO - Finding 'running' jobs without a recent heartbeat
[2023-01-01 04:08:32,928] {manager.py:1069} INFO - Failing jobs without heartbeat after 2023-01-01 04:03:32.928602+00:00
[2023-01-01 04:08:43,004] {manager.py:1065} INFO - Finding 'running' jobs without a recent heartbeat
[2023-01-01 04:08:43,007] {manager.py:1069} INFO - Failing jobs without heartbeat after 2023-01-01 04:03:43.006807+00:00
[2023-01-01 04:08:53,105] {manager.py:1065} INFO - Finding 'running' jobs without a recent heartbeat
[2023-01-01 04:08:53,107] {manager.py:1069} INFO - Failing jobs without heartbeat after 2023-01-01 04:03:53.107551+00:00
[2023-01-01 04:09:03,180] {manager.py:1065} INFO - Finding 'running' jobs without a recent heartbeat
[2023-01-01 04:09:03,182] {manager.py:1069} INFO - Failing jobs without heartbeat after 2023-01-01 04:04:03.182234+00:00
[2023-01-01 04:09:13,293] {manager.py:1065} INFO - Finding 'running' jobs without a recent heartbeat
[2023-01-01 04:09:13,295] {manager.py:1069} INFO - Failing jobs without heartbeat after 2023-01-01 04:04:13.295145+00:00
[2023-01-01 04:09:23,366] {manager.py:1065} INFO - Finding 'running' jobs without a recent heartbeat
[2023-01-01 04:09:23,369] {manager.py:1069} INFO - Failing jobs without heartbeat after 2023-01-01 04:04:23.368888+00:00
[2023-01-01 04:09:33,466] {manager.py:1065} INFO - Finding 'running' jobs without a recent heartbeat
[2023-01-01 04:09:33,468] {manager.py:1069} INFO - Failing jobs without heartbeat after 2023-01-01 04:04:33.467997+00:00
[2023-01-01 04:09:43,539] {manager.py:1065} INFO - Finding 'running' jobs without a recent heartbeat
[2023-01-01 04:09:43,541] {manager.py:1069} INFO - Failing jobs without heartbeat after 2023-01-01 04:04:43.541774+00:00
[2023-01-01 04:09:53,636] {manager.py:1065} INFO - Finding 'running' jobs without a recent heartbeat
[2023-01-01 04:09:53,639] {manager.py:1069} INFO - Failing jobs without heartbeat after 2023-01-01 04:04:53.638937+00:00
[2023-01-01 04:10:03,713] {manager.py:1065} INFO - Finding 'running' jobs without a recent heartbeat
[2023-01-01 04:10:03,716] {manager.py:1069} INFO - Failing jobs without heartbeat after 2023-01-01 04:05:03.716299+00:00
[2023-01-01 04:10:13,853] {manager.py:1065} INFO - Finding 'running' jobs without a recent heartbeat
[2023-01-01 04:10:13,855] {manager.py:1069} INFO - Failing jobs without heartbeat after 2023-01-01 04:05:13.855717+00:00
[2023-01-01 04:10:23,926] {manager.py:1065} INFO - Finding 'running' jobs without a recent heartbeat
[2023-01-01 04:10:23,929] {manager.py:1069} INFO - Failing jobs without heartbeat after 2023-01-01 04:05:23.929398+00:00
[2023-01-01 04:10:34,028] {manager.py:1065} INFO - Finding 'running' jobs without a recent heartbeat
[2023-01-01 04:10:34,030] {manager.py:1069} INFO - Failing jobs without heartbeat after 2023-01-01 04:05:34.030314+00:00
[2023-01-01 04:10:44,136] {manager.py:1065} INFO - Finding 'running' jobs without a recent heartbeat
[2023-01-01 04:10:44,139] {manager.py:1069} INFO - Failing jobs without heartbeat after 2023-01-01 04:05:44.138895+00:00
[2023-01-01 04:10:54,237] {manager.py:1065} INFO - Finding 'running' jobs without a recent heartbeat
[2023-01-01 04:10:54,239] {manager.py:1069} INFO - Failing jobs without heartbeat after 2023-01-01 04:05:54.239381+00:00
[2023-01-01 04:11:04,317] {manager.py:1065} INFO - Finding 'running' jobs without a recent heartbeat
[2023-01-01 04:11:04,320] {manager.py:1069} INFO - Failing jobs without heartbeat after 2023-01-01 04:06:04.320355+00:00
[2023-01-01 04:11:14,407] {manager.py:1065} INFO - Finding 'running' jobs without a recent heartbeat
[2023-01-01 04:11:14,409] {manager.py:1069} INFO - Failing jobs without heartbeat after 2023-01-01 04:06:14.409695+00:00
[2023-01-01 04:11:24,481] {manager.py:1065} INFO - Finding 'running' jobs without a recent heartbeat
[2023-01-01 04:11:24,485] {manager.py:1069} INFO - Failing jobs without heartbeat after 2023-01-01 04:06:24.485428+00:00
[2023-01-01 04:11:34,594] {manager.py:1065} INFO - Finding 'running' jobs without a recent heartbeat
[2023-01-01 04:11:34,596] {manager.py:1069} INFO - Failing jobs without heartbeat after 2023-01-01 04:06:34.596234+00:00
[2023-01-01 04:11:44,711] {manager.py:1065} INFO - Finding 'running' jobs without a recent heartbeat
[2023-01-01 04:11:44,713] {manager.py:1069} INFO - Failing jobs without heartbeat after 2023-01-01 04:06:44.713707+00:00
[2023-01-01 04:11:54,812] {manager.py:1065} INFO - Finding 'running' jobs without a recent heartbeat
[2023-01-01 04:11:54,814] {manager.py:1069} INFO - Failing jobs without heartbeat after 2023-01-01 04:06:54.814266+00:00
[2023-01-01 04:12:04,920] {manager.py:1065} INFO - Finding 'running' jobs without a recent heartbeat
[2023-01-01 04:12:04,923] {manager.py:1069} INFO - Failing jobs without heartbeat after 2023-01-01 04:07:04.922789+00:00
[2023-01-01 04:12:11,034] {manager.py:495} INFO - Exiting gracefully upon receiving signal 15
